This file contains any messages produced by compilers while
running configure, to aid debugging if configure makes a mistake.

It was created by systemtap configure 1.2, which was
generated by GNU Autoconf 2.63.  Invocation command line was

  $ ./configure --exec-prefix=/systemtap-1.2-macharm --prefix=/systemtap-1.2-macharm --host=arm-none-linux-gnueabi CXXFLAGS=-static CFLAGS=-static --disable-translator --disable-docs --disable-refdocs --disable-grapher --without-rpm --with-elfutils=../elfutils-0.143

## --------- ##
## Platform. ##
## --------- ##

hostname = sdclx1
uname -m = i686
uname -r = 2.6.31-14-generic-pae
uname -s = Linux
uname -v = #48-Ubuntu SMP Fri Oct 16 15:22:42 UTC 2009

/usr/bin/uname -p = unknown
/bin/uname -X     = unknown

/bin/arch              = unknown
/usr/bin/arch -k       = unknown
/usr/convex/getsysinfo = unknown
/usr/bin/hostinfo      = unknown
/bin/machine           = unknown
/usr/bin/oslevel       = unknown
/bin/universe          = unknown

PATH: /usr/local/sbin
PATH: /usr/local/bin
PATH: /usr/sbin
PATH: /usr/bin
PATH: /sbin
PATH: /bin
PATH: /usr/games
PATH: /opt/freescale/usr/local/gcc-4.1.2-glibc-2.5-nptl-3/arm-none-linux-gnueabi/bin
PATH: /home/b03824/linux-infra/android_build/
PATH: /home/b03824/linux-infra/tools/
PATH: /home/b03824/android/out/host/linux-x86/bin
PATH: /home/b03824/android/prebuilt/linux-x86/toolchain/arm-eabi-4.4.0/bin
PATH: /u/home/b03824/android/development/emulator/qtools
PATH: /home/b03824/android/prebuilt/linux-x86/toolchain/arm-eabi-4.4.0/bin
PATH: /home/b03824/android/prebuilt/linux-x86/toolchain/arm-eabi-4.4.0/bin


## ----------- ##
## Core tests. ##
## ----------- ##

configure:2012: checking for a BSD-compatible install
configure:2080: result: /usr/bin/install -c
configure:2091: checking whether build environment is sane
configure:2151: result: yes
configure:2200: checking for arm-none-linux-gnueabi-strip
configure:2216: found /opt/freescale/usr/local/gcc-4.1.2-glibc-2.5-nptl-3/arm-none-linux-gnueabi/bin/arm-none-linux-gnueabi-strip
configure:2227: result: arm-none-linux-gnueabi-strip
configure:2292: checking for a thread-safe mkdir -p
configure:2331: result: /bin/mkdir -p
configure:2344: checking for gawk
configure:2374: result: no
configure:2344: checking for mawk
configure:2360: found /usr/bin/mawk
configure:2371: result: mawk
configure:2382: checking whether make sets $(MAKE)
configure:2404: result: yes
configure:2487: checking whether to enable maintainer-specific portions of Makefiles
configure:2496: result: no
configure:2530: checking whether ln -s works
configure:2534: result: yes
configure:2549: checking for arm-none-linux-gnueabi-gcc
configure:2565: found /opt/freescale/usr/local/gcc-4.1.2-glibc-2.5-nptl-3/arm-none-linux-gnueabi/bin/arm-none-linux-gnueabi-gcc
configure:2576: result: arm-none-linux-gnueabi-gcc
configure:2848: checking for C compiler version
configure:2856: arm-none-linux-gnueabi-gcc --version >&5
arm-none-linux-gnueabi-gcc (GCC) 4.1.2
Copyright (C) 2006 Free Software Foundation, Inc.
This is free software; see the source for copying conditions.  There is NO
warranty; not even for MERCHANTABILITY or FITNESS FOR A PARTICULAR PURPOSE.

configure:2860: $? = 0
configure:2867: arm-none-linux-gnueabi-gcc -v >&5
Using built-in specs.
Target: arm-none-linux-gnueabi
Configured with: /usr/src/redhat/BUILD/cross-mlib/source/gcc-4.1.2/configure --target=arm-none-linux-gnueabi --host=i686-host_pc-linux-gnu --prefix=/opt/freescale/usr/local/gcc-4.1.2-glibc-2.5-nptl-3/arm-none-linux-gnueabi --with-sysroot=/opt/freescale/usr/local/gcc-4.1.2-glibc-2.5-nptl-3/arm-none-linux-gnueabi/arm-none-linux-gnueabi/sysroot --enable-threads --enable-shared --disable-libssp --disable-libgomp --disable-libmudflap --enable-languages=c,c++ --enable-__cxa_atexit --disable-nls
Thread model: posix
gcc version 4.1.2
configure:2871: $? = 0
configure:2878: arm-none-linux-gnueabi-gcc -V >&5
arm-none-linux-gnueabi-gcc: '-V' option must have argument
configure:2882: $? = 1
configure:2905: checking for C compiler default output file name
configure:2927: arm-none-linux-gnueabi-gcc -static   conftest.c  >&5
configure:2931: $? = 0
configure:2969: result: a.out
configure:2988: checking whether the C compiler works
configure:2998: ./a.out
configure:3002: $? = 0
configure:3021: result: yes
configure:3028: checking whether we are cross compiling
configure:3030: result: no
configure:3033: checking for suffix of executables
configure:3040: arm-none-linux-gnueabi-gcc -o conftest -static   conftest.c  >&5
configure:3044: $? = 0
configure:3070: result: 
configure:3076: checking for suffix of object files
configure:3102: arm-none-linux-gnueabi-gcc -c -static  conftest.c >&5
configure:3106: $? = 0
configure:3131: result: o
configure:3135: checking whether we are using the GNU C compiler
configure:3164: arm-none-linux-gnueabi-gcc -c -static  conftest.c >&5
configure:3171: $? = 0
configure:3188: result: yes
configure:3197: checking whether arm-none-linux-gnueabi-gcc accepts -g
configure:3227: arm-none-linux-gnueabi-gcc -c -g  conftest.c >&5
configure:3234: $? = 0
configure:3335: result: yes
configure:3352: checking for arm-none-linux-gnueabi-gcc option to accept ISO C89
configure:3426: arm-none-linux-gnueabi-gcc  -c -static  conftest.c >&5
configure:3433: $? = 0
configure:3456: result: none needed
configure:3485: checking for style of include used by make
configure:3513: result: GNU
configure:3538: checking dependency style of arm-none-linux-gnueabi-gcc
configure:3648: result: gcc3
configure:3677: checking for arm-none-linux-gnueabi-g++
configure:3693: found /opt/freescale/usr/local/gcc-4.1.2-glibc-2.5-nptl-3/arm-none-linux-gnueabi/bin/arm-none-linux-gnueabi-g++
configure:3704: result: arm-none-linux-gnueabi-g++
configure:3775: checking for C++ compiler version
configure:3783: arm-none-linux-gnueabi-g++ --version >&5
arm-none-linux-gnueabi-g++ (GCC) 4.1.2
Copyright (C) 2006 Free Software Foundation, Inc.
This is free software; see the source for copying conditions.  There is NO
warranty; not even for MERCHANTABILITY or FITNESS FOR A PARTICULAR PURPOSE.

configure:3787: $? = 0
configure:3794: arm-none-linux-gnueabi-g++ -v >&5
Using built-in specs.
Target: arm-none-linux-gnueabi
Configured with: /usr/src/redhat/BUILD/cross-mlib/source/gcc-4.1.2/configure --target=arm-none-linux-gnueabi --host=i686-host_pc-linux-gnu --prefix=/opt/freescale/usr/local/gcc-4.1.2-glibc-2.5-nptl-3/arm-none-linux-gnueabi --with-sysroot=/opt/freescale/usr/local/gcc-4.1.2-glibc-2.5-nptl-3/arm-none-linux-gnueabi/arm-none-linux-gnueabi/sysroot --enable-threads --enable-shared --disable-libssp --disable-libgomp --disable-libmudflap --enable-languages=c,c++ --enable-__cxa_atexit --disable-nls
Thread model: posix
gcc version 4.1.2
configure:3798: $? = 0
configure:3805: arm-none-linux-gnueabi-g++ -V >&5
arm-none-linux-gnueabi-g++: '-V' option must have argument
configure:3809: $? = 1
configure:3812: checking whether we are using the GNU C++ compiler
configure:3841: arm-none-linux-gnueabi-g++ -c -static  conftest.cpp >&5
configure:3848: $? = 0
configure:3865: result: yes
configure:3874: checking whether arm-none-linux-gnueabi-g++ accepts -g
configure:3904: arm-none-linux-gnueabi-g++ -c -g  conftest.cpp >&5
configure:3911: $? = 0
configure:4012: result: yes
configure:4037: checking dependency style of arm-none-linux-gnueabi-g++
configure:4147: result: gcc3
configure:4167: checking how to run the C preprocessor
configure:4207: arm-none-linux-gnueabi-gcc -E  conftest.c
configure:4214: $? = 0
configure:4245: arm-none-linux-gnueabi-gcc -E  conftest.c
conftest.c:10:28: error: ac_nonexistent.h: No such file or directory
configure:4252: $? = 1
configure: failed program was:
| /* confdefs.h.  */
| #define PACKAGE_NAME "systemtap"
| #define PACKAGE_TARNAME "systemtap"
| #define PACKAGE_VERSION "1.2"
| #define PACKAGE_STRING "systemtap 1.2"
| #define PACKAGE_BUGREPORT "systemtap@sources.redhat.com"
| #define PACKAGE "systemtap"
| #define VERSION "1.2"
| /* end confdefs.h.  */
| #include <ac_nonexistent.h>
configure:4285: result: arm-none-linux-gnueabi-gcc -E
configure:4314: arm-none-linux-gnueabi-gcc -E  conftest.c
configure:4321: $? = 0
configure:4352: arm-none-linux-gnueabi-gcc -E  conftest.c
conftest.c:10:28: error: ac_nonexistent.h: No such file or directory
configure:4359: $? = 1
configure: failed program was:
| /* confdefs.h.  */
| #define PACKAGE_NAME "systemtap"
| #define PACKAGE_TARNAME "systemtap"
| #define PACKAGE_VERSION "1.2"
| #define PACKAGE_STRING "systemtap 1.2"
| #define PACKAGE_BUGREPORT "systemtap@sources.redhat.com"
| #define PACKAGE "systemtap"
| #define VERSION "1.2"
| /* end confdefs.h.  */
| #include <ac_nonexistent.h>
configure:4406: checking for arm-none-linux-gnueabi-gcc
configure:4433: result: arm-none-linux-gnueabi-gcc
configure:4705: checking for C compiler version
configure:4713: arm-none-linux-gnueabi-gcc --version >&5
arm-none-linux-gnueabi-gcc (GCC) 4.1.2
Copyright (C) 2006 Free Software Foundation, Inc.
This is free software; see the source for copying conditions.  There is NO
warranty; not even for MERCHANTABILITY or FITNESS FOR A PARTICULAR PURPOSE.

configure:4717: $? = 0
configure:4724: arm-none-linux-gnueabi-gcc -v >&5
Using built-in specs.
Target: arm-none-linux-gnueabi
Configured with: /usr/src/redhat/BUILD/cross-mlib/source/gcc-4.1.2/configure --target=arm-none-linux-gnueabi --host=i686-host_pc-linux-gnu --prefix=/opt/freescale/usr/local/gcc-4.1.2-glibc-2.5-nptl-3/arm-none-linux-gnueabi --with-sysroot=/opt/freescale/usr/local/gcc-4.1.2-glibc-2.5-nptl-3/arm-none-linux-gnueabi/arm-none-linux-gnueabi/sysroot --enable-threads --enable-shared --disable-libssp --disable-libgomp --disable-libmudflap --enable-languages=c,c++ --enable-__cxa_atexit --disable-nls
Thread model: posix
gcc version 4.1.2
configure:4728: $? = 0
configure:4735: arm-none-linux-gnueabi-gcc -V >&5
arm-none-linux-gnueabi-gcc: '-V' option must have argument
configure:4739: $? = 1
configure:4742: checking whether we are using the GNU C compiler
configure:4795: result: yes
configure:4804: checking whether arm-none-linux-gnueabi-gcc accepts -g
configure:4942: result: yes
configure:4959: checking for arm-none-linux-gnueabi-gcc option to accept ISO C89
configure:5063: result: none needed
configure:5083: checking dependency style of arm-none-linux-gnueabi-gcc
configure:5193: result: gcc3
configure:5212: checking whether arm-none-linux-gnueabi-gcc and cc understand -c and -o together
configure:5247: arm-none-linux-gnueabi-gcc -c conftest.c -o conftest2.o >&5
configure:5251: $? = 0
configure:5257: arm-none-linux-gnueabi-gcc -c conftest.c -o conftest2.o >&5
configure:5261: $? = 0
configure:5272: cc -c conftest.c >&5
configure:5276: $? = 0
configure:5284: cc -c conftest.c -o conftest2.o >&5
configure:5288: $? = 0
configure:5294: cc -c conftest.c -o conftest2.o >&5
configure:5298: $? = 0
configure:5316: result: yes
configure:5343: checking for function prototypes
configure:5346: result: yes
configure:5365: checking for grep that handles long lines and -e
configure:5425: result: /bin/grep
configure:5430: checking for egrep
configure:5494: result: /bin/grep -E
configure:5499: checking for ANSI C header files
configure:5529: arm-none-linux-gnueabi-gcc -c -static  conftest.c >&5
configure:5536: $? = 0
configure:5635: arm-none-linux-gnueabi-gcc -o conftest -static   conftest.c  >&5
configure:5639: $? = 0
configure:5645: ./conftest
configure:5649: $? = 0
configure:5667: result: yes
configure:5691: checking for sys/types.h
configure:5712: arm-none-linux-gnueabi-gcc -c -static  conftest.c >&5
configure:5719: $? = 0
configure:5736: result: yes
configure:5691: checking for sys/stat.h
configure:5712: arm-none-linux-gnueabi-gcc -c -static  conftest.c >&5
configure:5719: $? = 0
configure:5736: result: yes
configure:5691: checking for stdlib.h
configure:5712: arm-none-linux-gnueabi-gcc -c -static  conftest.c >&5
configure:5719: $? = 0
configure:5736: result: yes
configure:5691: checking for string.h
configure:5712: arm-none-linux-gnueabi-gcc -c -static  conftest.c >&5
configure:5719: $? = 0
configure:5736: result: yes
configure:5691: checking for memory.h
configure:5712: arm-none-linux-gnueabi-gcc -c -static  conftest.c >&5
configure:5719: $? = 0
configure:5736: result: yes
configure:5691: checking for strings.h
configure:5712: arm-none-linux-gnueabi-gcc -c -static  conftest.c >&5
configure:5719: $? = 0
configure:5736: result: yes
configure:5691: checking for inttypes.h
configure:5712: arm-none-linux-gnueabi-gcc -c -static  conftest.c >&5
configure:5719: $? = 0
configure:5736: result: yes
configure:5691: checking for stdint.h
configure:5712: arm-none-linux-gnueabi-gcc -c -static  conftest.c >&5
configure:5719: $? = 0
configure:5736: result: yes
configure:5691: checking for unistd.h
configure:5712: arm-none-linux-gnueabi-gcc -c -static  conftest.c >&5
configure:5719: $? = 0
configure:5736: result: yes
configure:5763: checking for string.h
configure:5770: result: yes
configure:5913: checking for arm-none-linux-gnueabi-ranlib
configure:5929: found /opt/freescale/usr/local/gcc-4.1.2-glibc-2.5-nptl-3/arm-none-linux-gnueabi/bin/arm-none-linux-gnueabi-ranlib
configure:5940: result: arm-none-linux-gnueabi-ranlib
configure:6018: checking for a BSD-compatible install
configure:6086: result: /usr/bin/install -c
configure:6097: checking whether make sets $(MAKE)
configure:6119: result: yes
configure:6226: checking to see if prologue searching should be the default
configure:6235: result: no
configure:6272: arm-none-linux-gnueabi-gcc -c -static -Werror -fstack-protector-all -D_FORTIFY_SOURCE=2  conftest.c >&5
configure:6279: $? = 0
configure:6285: Compiling with gcc -fstack-protector-all et al.
configure:6386: checking for sqlite3_open in -lsqlite3
configure:6421: arm-none-linux-gnueabi-gcc -o conftest -static -fstack-protector-all -D_FORTIFY_SOURCE=2   conftest.c -lsqlite3   >&5
/opt/freescale/usr/local/gcc-4.1.2-glibc-2.5-nptl-3/arm-none-linux-gnueabi/lib/gcc/arm-none-linux-gnueabi/4.1.2/../../../../arm-none-linux-gnueabi/bin/ld: cannot find -lsqlite3
collect2: ld returned 1 exit status
configure:6428: $? = 1
configure: failed program was:
| /* confdefs.h.  */
| #define PACKAGE_NAME "systemtap"
| #define PACKAGE_TARNAME "systemtap"
| #define PACKAGE_VERSION "1.2"
| #define PACKAGE_STRING "systemtap 1.2"
| #define PACKAGE_BUGREPORT "systemtap@sources.redhat.com"
| #define PACKAGE "systemtap"
| #define VERSION "1.2"
| #define PROTOTYPES 1
| #define __PROTOTYPES 1
| #define STDC_HEADERS 1
| #define HAVE_SYS_TYPES_H 1
| #define HAVE_SYS_STAT_H 1
| #define HAVE_STDLIB_H 1
| #define HAVE_STRING_H 1
| #define HAVE_MEMORY_H 1
| #define HAVE_STRINGS_H 1
| #define HAVE_INTTYPES_H 1
| #define HAVE_STDINT_H 1
| #define HAVE_UNISTD_H 1
| #define HAVE_STRING_H 1
| /* end confdefs.h.  */
| 
| /* Override any GCC internal prototype to avoid an error.
|    Use char because int might match the return type of a GCC
|    builtin and then its argument prototype would still apply.  */
| #ifdef __cplusplus
| extern "C"
| #endif
| char sqlite3_open ();
| int
| main ()
| {
| return sqlite3_open ();
|   ;
|   return 0;
| }
configure:6449: result: no
configure:6592: checking for latex
configure:6620: result: no
configure:6630: checking for dvips
configure:6658: result: no
configure:6668: checking for ps2pdf
configure:6696: result: no
configure:6706: checking for latex2html
configure:6734: result: no
configure:6780: checking for publican
configure:6808: result: no
configure:6861: checking for xmlto
configure:6889: result: no
configure:6987: checking for certutil
configure:7015: result: no
configure:7023: checking for /usr/include/nss3
configure:7038: result: no
configure:7044: checking for /usr/include/nss
configure:7059: result: no
configure:7068: checking for /usr/include/nspr4
configure:7083: result: no
configure:7089: checking for /usr/include/nspr
configure:7104: result: no
configure:7429: WARNING: will not build stap-server, cannot find all libraries or tools
configure:7469: checking for arm-none-linux-gnueabi-pkg-config
configure:7502: result: no
configure:7512: checking for pkg-config
configure:7530: found /usr/bin/pkg-config
configure:7542: result: /usr/bin/pkg-config
configure:7567: checking pkg-config is at least version 0.9.0
configure:7570: result: yes
configure:7585: checking how to run the C++ preprocessor
configure:7621: arm-none-linux-gnueabi-g++ -E  conftest.cpp
configure:7628: $? = 0
configure:7659: arm-none-linux-gnueabi-g++ -E  conftest.cpp
conftest.cpp:23:28: error: ac_nonexistent.h: No such file or directory
configure:7666: $? = 1
configure: failed program was:
| /* confdefs.h.  */
| #define PACKAGE_NAME "systemtap"
| #define PACKAGE_TARNAME "systemtap"
| #define PACKAGE_VERSION "1.2"
| #define PACKAGE_STRING "systemtap 1.2"
| #define PACKAGE_BUGREPORT "systemtap@sources.redhat.com"
| #define PACKAGE "systemtap"
| #define VERSION "1.2"
| #define PROTOTYPES 1
| #define __PROTOTYPES 1
| #define STDC_HEADERS 1
| #define HAVE_SYS_TYPES_H 1
| #define HAVE_SYS_STAT_H 1
| #define HAVE_STDLIB_H 1
| #define HAVE_STRING_H 1
| #define HAVE_MEMORY_H 1
| #define HAVE_STRINGS_H 1
| #define HAVE_INTTYPES_H 1
| #define HAVE_STDINT_H 1
| #define HAVE_UNISTD_H 1
| #define HAVE_STRING_H 1
| /* end confdefs.h.  */
| #include <ac_nonexistent.h>
configure:7699: result: arm-none-linux-gnueabi-g++ -E
configure:7728: arm-none-linux-gnueabi-g++ -E  conftest.cpp
configure:7735: $? = 0
configure:7766: arm-none-linux-gnueabi-g++ -E  conftest.cpp
conftest.cpp:23:28: error: ac_nonexistent.h: No such file or directory
configure:7773: $? = 1
configure: failed program was:
| /* confdefs.h.  */
| #define PACKAGE_NAME "systemtap"
| #define PACKAGE_TARNAME "systemtap"
| #define PACKAGE_VERSION "1.2"
| #define PACKAGE_STRING "systemtap 1.2"
| #define PACKAGE_BUGREPORT "systemtap@sources.redhat.com"
| #define PACKAGE "systemtap"
| #define VERSION "1.2"
| #define PROTOTYPES 1
| #define __PROTOTYPES 1
| #define STDC_HEADERS 1
| #define HAVE_SYS_TYPES_H 1
| #define HAVE_SYS_STAT_H 1
| #define HAVE_STDLIB_H 1
| #define HAVE_STRING_H 1
| #define HAVE_MEMORY_H 1
| #define HAVE_STRINGS_H 1
| #define HAVE_INTTYPES_H 1
| #define HAVE_STDINT_H 1
| #define HAVE_UNISTD_H 1
| #define HAVE_STRING_H 1
| /* end confdefs.h.  */
| #include <ac_nonexistent.h>
configure:8455: stap will link 
configure:8494: checking tr1/unordered_map usability
configure:8511: arm-none-linux-gnueabi-g++ -c -static -Werror -fstack-protector-all -D_FORTIFY_SOURCE=2  conftest.cpp >&5
configure:8518: $? = 0
configure:8532: result: yes
configure:8536: checking tr1/unordered_map presence
configure:8551: arm-none-linux-gnueabi-g++ -E  conftest.cpp
configure:8558: $? = 0
configure:8572: result: yes
configure:8605: checking for tr1/unordered_map
configure:8614: result: yes
configure:8645: checking tr1/memory usability
configure:8662: arm-none-linux-gnueabi-g++ -c -static -Werror -fstack-protector-all -D_FORTIFY_SOURCE=2  conftest.cpp >&5
configure:8669: $? = 0
configure:8683: result: yes
configure:8687: checking tr1/memory presence
configure:8702: arm-none-linux-gnueabi-g++ -E  conftest.cpp
configure:8709: $? = 0
configure:8723: result: yes
configure:8756: checking for tr1/memory
configure:8765: result: yes
configure:8796: checking boost/shared_ptr.hpp usability
configure:8813: arm-none-linux-gnueabi-g++ -c -static -Werror -fstack-protector-all -D_FORTIFY_SOURCE=2  conftest.cpp >&5
conftest.cpp:59:32: error: boost/shared_ptr.hpp: No such file or directory
configure:8820: $? = 1
configure: failed program was:
| /* confdefs.h.  */
| #define PACKAGE_NAME "systemtap"
| #define PACKAGE_TARNAME "systemtap"
| #define PACKAGE_VERSION "1.2"
| #define PACKAGE_STRING "systemtap 1.2"
| #define PACKAGE_BUGREPORT "systemtap@sources.redhat.com"
| #define PACKAGE "systemtap"
| #define VERSION "1.2"
| #define PROTOTYPES 1
| #define __PROTOTYPES 1
| #define STDC_HEADERS 1
| #define HAVE_SYS_TYPES_H 1
| #define HAVE_SYS_STAT_H 1
| #define HAVE_STDLIB_H 1
| #define HAVE_STRING_H 1
| #define HAVE_MEMORY_H 1
| #define HAVE_STRINGS_H 1
| #define HAVE_INTTYPES_H 1
| #define HAVE_STDINT_H 1
| #define HAVE_UNISTD_H 1
| #define HAVE_STRING_H 1
| #define DATE "2010-07-13"
| #define HAVE_TR1_UNORDERED_MAP 1
| #define HAVE_TR1_MEMORY 1
| /* end confdefs.h.  */
| #include <stdio.h>
| #ifdef HAVE_SYS_TYPES_H
| # include <sys/types.h>
| #endif
| #ifdef HAVE_SYS_STAT_H
| # include <sys/stat.h>
| #endif
| #ifdef STDC_HEADERS
| # include <stdlib.h>
| # include <stddef.h>
| #else
| # ifdef HAVE_STDLIB_H
| #  include <stdlib.h>
| # endif
| #endif
| #ifdef HAVE_STRING_H
| # if !defined STDC_HEADERS && defined HAVE_MEMORY_H
| #  include <memory.h>
| # endif
| # include <string.h>
| #endif
| #ifdef HAVE_STRINGS_H
| # include <strings.h>
| #endif
| #ifdef HAVE_INTTYPES_H
| # include <inttypes.h>
| #endif
| #ifdef HAVE_STDINT_H
| # include <stdint.h>
| #endif
| #ifdef HAVE_UNISTD_H
| # include <unistd.h>
| #endif
| #include <boost/shared_ptr.hpp>
configure:8834: result: no
configure:8838: checking boost/shared_ptr.hpp presence
configure:8853: arm-none-linux-gnueabi-g++ -E  conftest.cpp
conftest.cpp:26:32: error: boost/shared_ptr.hpp: No such file or directory
configure:8860: $? = 1
configure: failed program was:
| /* confdefs.h.  */
| #define PACKAGE_NAME "systemtap"
| #define PACKAGE_TARNAME "systemtap"
| #define PACKAGE_VERSION "1.2"
| #define PACKAGE_STRING "systemtap 1.2"
| #define PACKAGE_BUGREPORT "systemtap@sources.redhat.com"
| #define PACKAGE "systemtap"
| #define VERSION "1.2"
| #define PROTOTYPES 1
| #define __PROTOTYPES 1
| #define STDC_HEADERS 1
| #define HAVE_SYS_TYPES_H 1
| #define HAVE_SYS_STAT_H 1
| #define HAVE_STDLIB_H 1
| #define HAVE_STRING_H 1
| #define HAVE_MEMORY_H 1
| #define HAVE_STRINGS_H 1
| #define HAVE_INTTYPES_H 1
| #define HAVE_STDINT_H 1
| #define HAVE_UNISTD_H 1
| #define HAVE_STRING_H 1
| #define DATE "2010-07-13"
| #define HAVE_TR1_UNORDERED_MAP 1
| #define HAVE_TR1_MEMORY 1
| /* end confdefs.h.  */
| #include <boost/shared_ptr.hpp>
configure:8874: result: no
configure:8907: checking for boost/shared_ptr.hpp
configure:8916: result: no
configure:9183: checking elfutils/version.h usability
configure:9200: arm-none-linux-gnueabi-gcc -c -static -fstack-protector-all -D_FORTIFY_SOURCE=2  conftest.c >&5
conftest.c:59:30: error: elfutils/version.h: No such file or directory
configure:9207: $? = 1
configure: failed program was:
| /* confdefs.h.  */
| #define PACKAGE_NAME "systemtap"
| #define PACKAGE_TARNAME "systemtap"
| #define PACKAGE_VERSION "1.2"
| #define PACKAGE_STRING "systemtap 1.2"
| #define PACKAGE_BUGREPORT "systemtap@sources.redhat.com"
| #define PACKAGE "systemtap"
| #define VERSION "1.2"
| #define PROTOTYPES 1
| #define __PROTOTYPES 1
| #define STDC_HEADERS 1
| #define HAVE_SYS_TYPES_H 1
| #define HAVE_SYS_STAT_H 1
| #define HAVE_STDLIB_H 1
| #define HAVE_STRING_H 1
| #define HAVE_MEMORY_H 1
| #define HAVE_STRINGS_H 1
| #define HAVE_INTTYPES_H 1
| #define HAVE_STDINT_H 1
| #define HAVE_UNISTD_H 1
| #define HAVE_STRING_H 1
| #define DATE "2010-07-13"
| #define HAVE_TR1_UNORDERED_MAP 1
| #define HAVE_TR1_MEMORY 1
| /* end confdefs.h.  */
| #include <stdio.h>
| #ifdef HAVE_SYS_TYPES_H
| # include <sys/types.h>
| #endif
| #ifdef HAVE_SYS_STAT_H
| # include <sys/stat.h>
| #endif
| #ifdef STDC_HEADERS
| # include <stdlib.h>
| # include <stddef.h>
| #else
| # ifdef HAVE_STDLIB_H
| #  include <stdlib.h>
| # endif
| #endif
| #ifdef HAVE_STRING_H
| # if !defined STDC_HEADERS && defined HAVE_MEMORY_H
| #  include <memory.h>
| # endif
| # include <string.h>
| #endif
| #ifdef HAVE_STRINGS_H
| # include <strings.h>
| #endif
| #ifdef HAVE_INTTYPES_H
| # include <inttypes.h>
| #endif
| #ifdef HAVE_STDINT_H
| # include <stdint.h>
| #endif
| #ifdef HAVE_UNISTD_H
| # include <unistd.h>
| #endif
| #include <elfutils/version.h>
configure:9221: result: no
configure:9225: checking elfutils/version.h presence
configure:9240: arm-none-linux-gnueabi-gcc -E  conftest.c
conftest.c:26:30: error: elfutils/version.h: No such file or directory
configure:9247: $? = 1
configure: failed program was:
| /* confdefs.h.  */
| #define PACKAGE_NAME "systemtap"
| #define PACKAGE_TARNAME "systemtap"
| #define PACKAGE_VERSION "1.2"
| #define PACKAGE_STRING "systemtap 1.2"
| #define PACKAGE_BUGREPORT "systemtap@sources.redhat.com"
| #define PACKAGE "systemtap"
| #define VERSION "1.2"
| #define PROTOTYPES 1
| #define __PROTOTYPES 1
| #define STDC_HEADERS 1
| #define HAVE_SYS_TYPES_H 1
| #define HAVE_SYS_STAT_H 1
| #define HAVE_STDLIB_H 1
| #define HAVE_STRING_H 1
| #define HAVE_MEMORY_H 1
| #define HAVE_STRINGS_H 1
| #define HAVE_INTTYPES_H 1
| #define HAVE_STDINT_H 1
| #define HAVE_UNISTD_H 1
| #define HAVE_STRING_H 1
| #define DATE "2010-07-13"
| #define HAVE_TR1_UNORDERED_MAP 1
| #define HAVE_TR1_MEMORY 1
| /* end confdefs.h.  */
| #include <elfutils/version.h>
configure:9261: result: no
configure:9294: checking for elfutils/version.h
configure:9303: result: no
configure:9576: creating ./config.status

## ---------------------- ##
## Running config.status. ##
## ---------------------- ##

This file was extended by systemtap config.status 1.2, which was
generated by GNU Autoconf 2.63.  Invocation command line was

  CONFIG_FILES    = 
  CONFIG_HEADERS  = 
  CONFIG_LINKS    = 
  CONFIG_COMMANDS = 
  $ ./config.status 

on sdclx1

config.status:863: creating Makefile
config.status:863: creating doc/Makefile
config.status:863: creating doc/beginners/Makefile
config.status:863: creating doc/SystemTap_Tapset_Reference/Makefile
config.status:863: creating grapher/Makefile
config.status:863: creating grapher/stapgraph.1
config.status:863: creating stap.1
config.status:863: creating stapprobes.3stap
config.status:863: creating stapfuncs.3stap
config.status:863: creating stapvars.3stap
config.status:863: creating stapex.3stap
config.status:863: creating staprun.8
config.status:863: creating stap-client.8
config.status:863: creating stap-server.8
config.status:863: creating stap-authorize-server-cert.8
config.status:863: creating stap-authorize-signing-cert.8
config.status:863: creating initscript/systemtap
config.status:863: creating initscript/stap-server
config.status:863: creating dtrace.1
config.status:863: creating run-staprun
config.status:863: creating dtrace
config.status:863: creating doc/beginners/publican.cfg
config.status:863: creating config.h
config.status:1137: executing depfiles commands
config.status:1137: executing doc/beginners commands
configure:11005: === configuring in testsuite (/home/b03824/android/external/systemtap/target/testsuite)
configure:11108: running /bin/sh ./configure --disable-option-checking '--prefix=/systemtap-1.2-macharm'  '--exec-prefix=/systemtap-1.2-macharm' '--host=arm-none-linux-gnueabi' 'CXXFLAGS=-static' 'CFLAGS=-static' '--disable-translator' '--disable-docs' '--disable-refdocs' '--disable-grapher' '--without-rpm' '--with-elfutils=../elfutils-0.143' 'host_alias=arm-none-linux-gnueabi' --cache-file=/dev/null --srcdir=.

## ---------------- ##
## Cache variables. ##
## ---------------- ##

ac_cv_c_compiler_gnu=yes
ac_cv_cxx_compiler_gnu=yes
ac_cv_env_CCC_set=
ac_cv_env_CCC_value=
ac_cv_env_CC_set=
ac_cv_env_CC_value=
ac_cv_env_CFLAGS_set=set
ac_cv_env_CFLAGS_value=-static
ac_cv_env_CPPFLAGS_set=
ac_cv_env_CPPFLAGS_value=
ac_cv_env_CPP_set=
ac_cv_env_CPP_value=
ac_cv_env_CXXCPP_set=
ac_cv_env_CXXCPP_value=
ac_cv_env_CXXFLAGS_set=set
ac_cv_env_CXXFLAGS_value=-static
ac_cv_env_CXX_set=
ac_cv_env_CXX_value=
ac_cv_env_LDFLAGS_set=
ac_cv_env_LDFLAGS_value=
ac_cv_env_LIBS_set=
ac_cv_env_LIBS_value=
ac_cv_env_PKG_CONFIG_set=
ac_cv_env_PKG_CONFIG_value=
ac_cv_env_build_alias_set=
ac_cv_env_build_alias_value=
ac_cv_env_gtkmm_CFLAGS_set=
ac_cv_env_gtkmm_CFLAGS_value=
ac_cv_env_gtkmm_LIBS_set=
ac_cv_env_gtkmm_LIBS_value=
ac_cv_env_host_alias_set=set
ac_cv_env_host_alias_value=arm-none-linux-gnueabi
ac_cv_env_libglade_CFLAGS_set=
ac_cv_env_libglade_CFLAGS_value=
ac_cv_env_libglade_LIBS_set=
ac_cv_env_libglade_LIBS_value=
ac_cv_env_target_alias_set=
ac_cv_env_target_alias_value=
ac_cv_file__usr_include_nspr4=no
ac_cv_file__usr_include_nspr=no
ac_cv_file__usr_include_nss3=no
ac_cv_file__usr_include_nss=no
ac_cv_func_malloc_0_nonnull=yes
ac_cv_header_boost_shared_ptr_hpp=no
ac_cv_header_elfutils_version_h=no
ac_cv_header_inttypes_h=yes
ac_cv_header_memory_h=yes
ac_cv_header_stdc=yes
ac_cv_header_stdint_h=yes
ac_cv_header_stdlib_h=yes
ac_cv_header_string_h=yes
ac_cv_header_strings_h=yes
ac_cv_header_sys_stat_h=yes
ac_cv_header_sys_types_h=yes
ac_cv_header_tr1_memory=yes
ac_cv_header_tr1_unordered_map=yes
ac_cv_header_unistd_h=yes
ac_cv_lib_sqlite3_sqlite3_open=no
ac_cv_objext=o
ac_cv_path_EGREP='/bin/grep -E'
ac_cv_path_GREP=/bin/grep
ac_cv_path_ac_pt_PKG_CONFIG=/usr/bin/pkg-config
ac_cv_path_install='/usr/bin/install -c'
ac_cv_path_mkdir=/bin/mkdir
ac_cv_prog_AWK=mawk
ac_cv_prog_CC=arm-none-linux-gnueabi-gcc
ac_cv_prog_CPP='arm-none-linux-gnueabi-gcc -E'
ac_cv_prog_CXX=arm-none-linux-gnueabi-g++
ac_cv_prog_CXXCPP='arm-none-linux-gnueabi-g++ -E'
ac_cv_prog_RANLIB=arm-none-linux-gnueabi-ranlib
ac_cv_prog_STRIP=arm-none-linux-gnueabi-strip
ac_cv_prog_cc_arm_none_linux_gnueabi_gcc_c_o=yes
ac_cv_prog_cc_c89=
ac_cv_prog_cc_g=yes
ac_cv_prog_cxx_g=yes
ac_cv_prog_have_certutil=no
ac_cv_prog_have_dvips=no
ac_cv_prog_have_latex2html=no
ac_cv_prog_have_latex=no
ac_cv_prog_have_ps2pdf=no
ac_cv_prog_have_publican=no
ac_cv_prog_have_xmlto=no
ac_cv_prog_make_make_set=yes
am_cv_CC_dependencies_compiler_type=gcc3
am_cv_CXX_dependencies_compiler_type=gcc3
am_cv_prog_cc_stdc=

## ----------------- ##
## Output variables. ##
## ----------------- ##

ACLOCAL='${SHELL} /home/b03824/android/external/systemtap/target/missing --run aclocal-1.11'
AMDEPBACKSLASH='\'
AMDEP_FALSE='#'
AMDEP_TRUE=''
AMTAR='${SHELL} /home/b03824/android/external/systemtap/target/missing --run tar'
AM_BACKSLASH='\'
AM_DEFAULT_VERBOSITY='0'
ANSI2KNR=''
AUTOCONF='${SHELL} /home/b03824/android/external/systemtap/target/missing --run autoconf'
AUTOHEADER='${SHELL} /home/b03824/android/external/systemtap/target/missing --run autoheader'
AUTOMAKE='${SHELL} /home/b03824/android/external/systemtap/target/missing --run automake-1.11'
AWK='mawk'
BUILD_CRASHMOD_FALSE=''
BUILD_CRASHMOD_TRUE='#'
BUILD_DOCS_FALSE=''
BUILD_DOCS_TRUE='#'
BUILD_ELFUTILS_FALSE='#'
BUILD_ELFUTILS_TRUE=''
BUILD_GRAPHER_FALSE=''
BUILD_GRAPHER_TRUE='#'
BUILD_PDFREFDOCS_FALSE=''
BUILD_PDFREFDOCS_TRUE='#'
BUILD_PUBLICAN_FALSE=''
BUILD_PUBLICAN_TRUE='#'
BUILD_REFDOCS_FALSE=''
BUILD_REFDOCS_TRUE='#'
BUILD_SERVER_FALSE=''
BUILD_SERVER_TRUE='#'
BUILD_TRANSLATOR_FALSE=''
BUILD_TRANSLATOR_TRUE='#'
CC='arm-none-linux-gnueabi-gcc'
CCDEPMODE='depmode=gcc3'
CFLAGS='-static -fstack-protector-all -D_FORTIFY_SOURCE=2'
CPP='arm-none-linux-gnueabi-gcc -E'
CPPFLAGS=''
CXX='arm-none-linux-gnueabi-g++'
CXXCPP='arm-none-linux-gnueabi-g++ -E'
CXXDEPMODE='depmode=gcc3'
CXXFLAGS='-static -Werror -fstack-protector-all -D_FORTIFY_SOURCE=2'
CYGPATH_W='echo'
DATE='2010-07-13'
DEFS='-DHAVE_CONFIG_H'
DEPDIR='.deps'
ECHO_C=''
ECHO_N='-n'
ECHO_T=''
EGREP='/bin/grep -E'
EXEEXT=''
GREP='/bin/grep'
HAVE_NSS_FALSE=''
HAVE_NSS_TRUE='#'
INSTALL_DATA='${INSTALL} -m 644'
INSTALL_PROGRAM='${INSTALL}'
INSTALL_SCRIPT='${INSTALL}'
INSTALL_STRIP_PROGRAM='$(install_sh) -c -s'
LDFLAGS=''
LIBOBJS=''
LIBS=''
LN_S='ln -s'
LTLIBOBJS=''
MAINT='#'
MAINTAINER_MODE_FALSE=''
MAINTAINER_MODE_TRUE='#'
MAKEINFO='${SHELL} /home/b03824/android/external/systemtap/target/missing --run makeinfo'
MKDIR_P='/bin/mkdir -p'
OBJEXT='o'
PACKAGE='systemtap'
PACKAGE_BUGREPORT='systemtap@sources.redhat.com'
PACKAGE_NAME='systemtap'
PACKAGE_STRING='systemtap 1.2'
PACKAGE_TARNAME='systemtap'
PACKAGE_VERSION='1.2'
PATH_SEPARATOR=':'
PIECFLAGS=''
PIECXXFLAGS=''
PIELDFLAGS=''
PKG_CONFIG='/usr/bin/pkg-config'
PUBLICAN_BRAND='fedora'
RANLIB='arm-none-linux-gnueabi-ranlib'
SET_MAKE=''
SHELL='/bin/sh'
STRIP='arm-none-linux-gnueabi-strip'
U=''
VERSION='1.2'
XMLTO_STRINGPARAM_FALSE=''
XMLTO_STRINGPARAM_TRUE='#'
ac_ct_CC=''
ac_ct_CXX=''
am__EXEEXT_FALSE=''
am__EXEEXT_TRUE='#'
am__fastdepCC_FALSE='#'
am__fastdepCC_TRUE=''
am__fastdepCXX_FALSE='#'
am__fastdepCXX_TRUE=''
am__include='include'
am__isrc=''
am__leading_dot='.'
am__quote=''
am__tar='${AMTAR} chof - "$$tardir"'
am__untar='${AMTAR} xf -'
bindir='${exec_prefix}/bin'
build_alias=''
datadir='${datarootdir}'
datarootdir='${prefix}/share'
docdir='${datarootdir}/doc/${PACKAGE_TARNAME}'
dvidir='${docdir}'
elfutils_abs_srcdir='/home/b03824/android/external/systemtap/elfutils-0.143'
exec_prefix='/systemtap-1.2-macharm'
gtkmm_CFLAGS=''
gtkmm_LIBS=''
have_certutil='no'
have_dvips='no'
have_latex2html='no'
have_latex='no'
have_ps2pdf='no'
have_publican='no'
have_xmlto='no'
host_alias='arm-none-linux-gnueabi'
htmldir='${docdir}'
includedir='${prefix}/include'
infodir='${datarootdir}/info'
install_sh='${SHELL} /home/b03824/android/external/systemtap/target/install-sh'
libdir='${exec_prefix}/lib'
libexecdir='${exec_prefix}/libexec'
libglade_CFLAGS=''
libglade_LIBS=''
localedir='${datarootdir}/locale'
localstatedir='${prefix}/var'
mandir='${datarootdir}/man'
mkdir_p='/bin/mkdir -p'
nspr_CFLAGS=''
nss_CFLAGS=''
oldincludedir='/usr/include'
pdfdir='${docdir}'
prefix='/systemtap-1.2-macharm'
program_transform_name='s,x,x,'
psdir='${docdir}'
sbindir='${exec_prefix}/sbin'
sharedstatedir='${prefix}/com'
sqlite3_LIBS=''
stap_LIBS=''
staplog_CPPFLAGS=''
subdirs=' testsuite'
sysconfdir='${prefix}/etc'
target_alias=''

## ----------- ##
## confdefs.h. ##
## ----------- ##

#define PACKAGE_NAME "systemtap"
#define PACKAGE_TARNAME "systemtap"
#define PACKAGE_VERSION "1.2"
#define PACKAGE_STRING "systemtap 1.2"
#define PACKAGE_BUGREPORT "systemtap@sources.redhat.com"
#define PACKAGE "systemtap"
#define VERSION "1.2"
#define PROTOTYPES 1
#define __PROTOTYPES 1
#define STDC_HEADERS 1
#define HAVE_SYS_TYPES_H 1
#define HAVE_SYS_STAT_H 1
#define HAVE_STDLIB_H 1
#define HAVE_STRING_H 1
#define HAVE_MEMORY_H 1
#define HAVE_STRINGS_H 1
#define HAVE_INTTYPES_H 1
#define HAVE_STDINT_H 1
#define HAVE_UNISTD_H 1
#define HAVE_STRING_H 1
#define DATE "2010-07-13"
#define HAVE_TR1_UNORDERED_MAP 1
#define HAVE_TR1_MEMORY 1
#define STAP_PREFIX "/systemtap-1.2-macharm"

configure: exit 0
